<?xml version="1.0" encoding="utf-8"?><testsuites name="pytest tests"><testsuite name="pytest" errors="0" failures="0" skipped="17" tests="239" time="12.813" timestamp="2026-09-05T02:52:14.408844+00:00" hostname="localhost"><testcase classname="" name="tests.test_service_agent" time="0.000"><skipped message="collection skipped">('/mnt/data/portfolio7/next_phase_work/APEX_V1_PORTFOLIO_RC1/tests/test_service_agent.py', 15, 'Skipped: optional APEX agent integration extra is not installed')</skipped></testcase><testcase classname="tests.test_active_learning_loop" name="test_rejects_unknown_strategy" time="0.001" /><testcase classname="tests.test_active_learning_loop" name="test_rejects_more_iterations_than_pool_size" time="0.001" /><testcase classname="tests.test_active_learning_loop" name="test_trajectories_have_expected_length_and_start_at_n_initial" time="0.253" /><testcase classname="tests.test_active_learning_loop" name="test_chosen_candidates_are_distinct_and_match_iteration_count" time="0.307" /><testcase classname="tests.test_active_learning_loop" name="test_r2_values_are_finite" time="0.197" /><testcase classname="tests.test_active_learning_loop" name="test_compare_strategies_uses_identical_budgets_for_both_runs" time="0.529" /><testcase classname="tests.test_active_learning_loop" name="test_compare_strategies_is_reproducible_with_a_fixed_seed" time="0.786" /><testcase classname="tests.test_active_learning_selection" name="test_rejects_unknown_strategy" time="0.026" /><testcase classname="tests.test_active_learning_selection" name="test_uncertainty_strategy_picks_the_argmax_of_predicted_std" time="0.014" /><testcase classname="tests.test_active_learning_selection" name="test_random_strategy_stays_within_bounds_and_is_reproducible_with_seeded_rng" time="0.048" /><testcase classname="tests.test_active_learning_selection" name="test_random_strategy_ignores_the_model_entirely" time="0.046" /><testcase classname="tests.test_agent_loop" name="test_single_turn_with_no_tool_calls" time="0.000" /><testcase classname="tests.test_agent_loop" name="test_single_tool_call_then_final_answer" time="0.000" /><testcase classname="tests.test_agent_loop" name="test_unknown_tool_name_becomes_an_error_result_not_a_crash" time="0.000" /><testcase classname="tests.test_agent_loop" name="test_tool_dispatch_exception_becomes_an_error_result_not_a_crash" time="0.000" /><testcase classname="tests.test_agent_loop" name="test_parallel_tool_calls_are_all_dispatched_and_returned_in_one_message" time="0.000" /><testcase classname="tests.test_agent_loop" name="test_max_hops_forces_a_final_answer_with_tool_choice_none_and_lower_effort" time="0.000" /><testcase classname="tests.test_agent_loop" name="test_max_hops_answers_pending_tool_uses_before_the_forced_final_call" time="0.000" /><testcase classname="tests.test_agent_loop" name="test_conversation_history_threads_across_turns" time="0.000" /><testcase classname="tests.test_agent_loop" name="test_default_model_is_opus_5_when_no_env_override_is_set" time="0.003" /><testcase classname="tests.test_agent_tools" name="test_all_tool_definitions_have_a_dispatch_function" time="0.000" /><testcase classname="tests.test_agent_tools" name="test_get_design_space_matches_default_design_space" time="0.023" /><testcase classname="tests.test_agent_tools" name="test_list_requirement_kinds_matches_the_registry_and_flags_robust_support" time="0.000" /><testcase classname="tests.test_agent_tools" name="test_evaluate_candidate_matches_a_direct_apex_call" time="0.004" /><testcase classname="tests.test_agent_tools" name="test_check_mission_reports_satisfied_and_margin" time="0.002" /><testcase classname="tests.test_agent_tools" name="test_run_pareto_search_returns_points_with_expected_shape" time="0.000"><skipped type="pytest.skip" message="pymoo dependency is not installed; exercised by Windows full acceptance">/mnt/data/portfolio7/next_phase_work/APEX_V1_PORTFOLIO_RC1/tests/test_agent_tools.py:94: pymoo dependency is not installed; exercised by Windows full acceptance</skipped></testcase><testcase classname="tests.test_agent_tools" name="test_sensitivity_analysis_shows_range_increasing_with_battery_capacity" time="0.006" /><testcase classname="tests.test_agent_tools" name="test_sensitivity_analysis_rejects_unknown_field" time="0.000" /><testcase classname="tests.test_agent_tools" name="test_robust_check_matches_direct_robust_mission_evaluation" time="0.131" /><testcase classname="tests.test_agent_tools" name="test_robust_check_rejects_unsupported_requirement_kind" time="0.000" /><testcase classname="tests.test_agent_tools" name="test_every_tool_result_is_json_serializable" time="0.000"><skipped type="pytest.skip" message="pymoo dependency is not installed; exercised by Windows full acceptance">/mnt/data/portfolio7/next_phase_work/APEX_V1_PORTFOLIO_RC1/tests/test_agent_tools.py:158: pymoo dependency is not installed; exercised by Windows full acceptance</skipped></testcase><testcase classname="tests.test_battery" name="test_rejects_inverted_soc_bounds" time="0.000" /><testcase classname="tests.test_battery" name="test_capacity_ah_is_derived_from_usable_kwh_and_voltage" time="0.000" /><testcase classname="tests.test_battery" name="test_open_circuit_voltage_increases_with_soc" time="0.000" /><testcase classname="tests.test_battery" name="test_terminal_voltage_sags_under_discharge_and_rises_under_charge" time="0.000" /><testcase classname="tests.test_battery" name="test_discharge_current_limit_scales_with_c_rate_and_capacity" time="0.000" /><testcase classname="tests.test_battery" name="test_discharge_current_derated_at_low_soc_and_cold_temperature" time="0.000" /><testcase classname="tests.test_battery" name="test_cold_derates_charging_more_severely_than_discharging" time="0.000" /><testcase classname="tests.test_battery" name="test_charge_current_tapers_near_full_soc" time="0.000" /><testcase classname="tests.test_battery" name="test_step_soc_discharges_and_charges_in_the_right_direction" time="0.000" /><testcase classname="tests.test_battery" name="test_step_soc_clips_to_valid_range" time="0.000" /><testcase classname="tests.test_battery" name="test_degradation_disabled_by_default_zero_rate" time="0.000" /><testcase classname="tests.test_battery" name="test_degradation_reduces_state_of_health_with_throughput_and_is_floored" time="0.000" /><testcase classname="tests.test_battery" name="test_repeated_cycling_measurably_reduces_state_of_health" time="0.002" /><testcase classname="tests.test_design_candidate" name="test_build_vehicle_mass_equals_glider_plus_battery_plus_motor_plus_tire_delta" time="0.000" /><testcase classname="tests.test_design_candidate" name="test_build_vehicle_cost_equals_glider_plus_battery_plus_motor_plus_tire_delta" time="0.000" /><testcase classname="tests.test_design_candidate" name="test_second_motor_adds_overhead_mass_and_cost_without_changing_rated_power" time="0.000" /><testcase classname="tests.test_design_candidate" name="test_battery_chemistry_changes_mass_and_cost_tradeoff" time="0.000" /><testcase classname="tests.test_design_candidate" name="test_tire_choice_changes_rolling_resistance_and_friction_tradeoff" time="0.000" /><testcase classname="tests.test_design_candidate" name="test_motor_peak_torque_is_derived_from_power_and_architecture_base_speed" time="0.000" /><testcase classname="tests.test_design_candidate" name="test_built_vehicle_is_a_valid_vehicleparams_instance" time="0.000" /><testcase classname="tests.test_design_candidate" name="test_random_candidate_respects_bounds_and_choices_and_is_reproducible_with_seed" time="0.000" /><testcase classname="tests.test_design_candidate" name="test_random_candidates_vary_across_many_draws" time="0.001" /><testcase classname="tests.test_design_constraints" name="test_at_most_requirement_satisfied_when_value_under_threshold" time="0.000" /><testcase classname="tests.test_design_constraints" name="test_at_most_requirement_violated_when_value_over_threshold" time="0.000" /><testcase classname="tests.test_design_constraints" name="test_at_least_requirement_satisfied_and_violated_correctly" time="0.000" /><testcase classname="tests.test_design_constraints" name="test_direction_enum_values_are_distinct" time="0.000" /><testcase classname="tests.test_design_constraints" name="test_mission_is_feasible_true_when_all_requirements_pass" time="0.002" /><testcase classname="tests.test_design_constraints" name="test_mission_is_feasible_false_when_any_requirement_fails" time="0.002" /><testcase classname="tests.test_design_constraints" name="test_gradeability_and_braking_requirement_constructors_produce_evaluable_results" time="0.000" /><testcase classname="tests.test_design_constraints" name="test_manufacturing_cost_requirement_reads_from_buildup_report_not_vehicle" time="0.000" /><testcase classname="tests.test_design_constraints" name="test_example_crossover_mission_has_three_requirements_and_evaluates" time="0.002" /><testcase classname="tests.test_design_constraints" name="test_example_crossover_mission_cost_threshold_reflects_msrp_markup" time="0.000" /><testcase classname="tests.test_design_variables" name="test_continuous_variable_rejects_inverted_bounds" time="0.000" /><testcase classname="tests.test_design_variables" name="test_continuous_variable_contains_and_clip" time="0.000" /><testcase classname="tests.test_design_variables" name="test_discrete_variable_rejects_duplicate_choices" time="0.000" /><testcase classname="tests.test_design_variables" name="test_discrete_variable_rejects_empty_choices" time="0.000" /><testcase classname="tests.test_design_variables" name="test_discrete_variable_contains" time="0.000" /><testcase classname="tests.test_design_variables" name="test_design_space_rejects_duplicate_variable_names" time="0.000" /><testcase classname="tests.test_design_variables" name="test_design_space_splits_continuous_and_discrete" time="0.000" /><testcase classname="tests.test_design_variables" name="test_design_space_getitem_by_name" time="0.000" /><testcase classname="tests.test_design_variables" name="test_validate_assignment_catches_missing_and_out_of_range_and_invalid_choice" time="0.000" /><testcase classname="tests.test_energy" name="test_rejects_mismatched_arrays" time="0.000" /><testcase classname="tests.test_energy" name="test_constant_speed_cycle_energy_matches_constant_speed_range" time="0.010" /><testcase classname="tests.test_energy" name="test_range_decreases_at_higher_constant_speed_once_aero_dominates" time="0.000" /><testcase classname="tests.test_energy" name="test_bigger_battery_gives_more_range_at_fixed_speed" time="0.000" /><testcase classname="tests.test_energy" name="test_stop_and_go_costs_more_energy_than_steady_cruise_at_same_average_speed" time="0.003" /><testcase classname="tests.test_energy" name="test_drive_cycle_distance_matches_expected_average_speed_character" time="0.002" /><testcase classname="tests.test_energy" name="test_detailed_sim_requires_a_positive_battery_capacity" time="0.000" /><testcase classname="tests.test_energy" name="test_detailed_sim_drains_soc_over_a_normal_driving_cycle" time="0.034" /><testcase classname="tests.test_energy" name="test_detailed_sim_roughly_agrees_with_flat_efficiency_model" time="0.031" /><testcase classname="tests.test_energy" name="test_detailed_sim_reports_no_power_limiting_for_a_gentle_cycle_at_high_soc" time="0.002" /><testcase classname="tests.test_energy" name="test_detailed_sim_flags_power_limiting_under_aggressive_demand_at_low_soc" time="0.000" /><testcase classname="tests.test_energy" name="test_detailed_sim_final_state_of_health_stays_in_valid_range" time="0.009" /><testcase classname="tests.test_longitudinal" name="test_rejects_nonpositive_mass" time="0.000" /><testcase classname="tests.test_longitudinal" name="test_aero_drag_scales_with_v_squared" time="0.000" /><testcase classname="tests.test_longitudinal" name="test_rolling_resistance_zero_at_standstill" time="0.000" /><testcase classname="tests.test_longitudinal" name="test_road_load_increases_with_speed" time="0.000" /><testcase classname="tests.test_longitudinal" name="test_uphill_grade_increases_road_load_downhill_decreases_it" time="0.000" /><testcase classname="tests.test_longitudinal" name="test_heavier_car_has_more_rolling_resistance" time="0.000" /><testcase classname="tests.test_longitudinal" name="test_available_force_capped_by_tire_traction_at_low_speed" time="0.000" /><testcase classname="tests.test_longitudinal" name="test_available_force_drops_into_power_limited_region_at_high_speed" time="0.000" /><testcase classname="tests.test_longitudinal" name="test_more_traction_coefficient_raises_traction_ceiling" time="0.000" /><testcase classname="tests.test_longitudinal" name="test_motor_force_drops_to_zero_beyond_rpm_redline" time="0.000" /><testcase classname="tests.test_longitudinal" name="test_taller_gearing_raises_rpm_limited_top_speed" time="0.000" /><testcase classname="tests.test_motor" name="test_shaft_torque_and_speed_scale_through_gear_ratio_and_wheel_radius" time="0.000" /><testcase classname="tests.test_motor" name="test_shaft_torque_sign_follows_wheel_force_sign" time="0.000" /><testcase classname="tests.test_motor" name="test_efficiency_is_zero_at_essentially_zero_power" time="0.000" /><testcase classname="tests.test_motor" name="test_efficiency_bounded_between_zero_and_one" time="0.000" /><testcase classname="tests.test_motor" name="test_efficiency_is_low_at_very_low_torque_higher_in_the_middle" time="0.000" /><testcase classname="tests.test_motor" name="test_efficiency_is_lower_at_low_speed_than_high_speed_for_the_same_torque" time="0.000" /><testcase classname="tests.test_motor" name="test_efficiency_falls_back_to_flat_scalar_when_peak_torque_is_unset" time="0.000" /><testcase classname="tests.test_optimize_objectives" name="test_minimize_cost_reads_from_buildup_report" time="0.000" /><testcase classname="tests.test_optimize_objectives" name="test_minimize_mass_reads_from_vehicle" time="0.000" /><testcase classname="tests.test_optimize_objectives" name="test_minimize_zero_to_sixty_is_positive_and_finite" time="0.002" /><testcase classname="tests.test_optimize_objectives" name="test_maximize_range_signed_value_is_negated_raw_value" time="0.000" /><testcase classname="tests.test_optimize_objectives" name="test_default_objectives_has_four_distinct_named_objectives" time="0.000" /><testcase classname="tests.test_optimize_pareto" name="test_run_pareto_search_returns_only_feasible_points" time="0.000"><skipped type="pytest.skip" message="pymoo dependency is not installed; exercised by Windows full acceptance">/mnt/data/portfolio7/next_phase_work/APEX_V1_PORTFOLIO_RC1/tests/test_optimize_pareto.py:11: pymoo dependency is not installed; exercised by Windows full acceptance</skipped></testcase><testcase classname="tests.test_optimize_pareto" name="test_run_pareto_search_objective_values_have_all_objective_names" time="0.000"><skipped type="pytest.skip" message="pymoo dependency is not installed; exercised by Windows full acceptance">/mnt/data/portfolio7/next_phase_work/APEX_V1_PORTFOLIO_RC1/tests/test_optimize_pareto.py:23: pymoo dependency is not installed; exercised by Windows full acceptance</skipped></testcase><testcase classname="tests.test_optimize_pareto" name="test_run_pareto_search_is_reproducible_with_a_fixed_seed" time="0.000"><skipped type="pytest.skip" message="pymoo dependency is not installed; exercised by Windows full acceptance">/mnt/data/portfolio7/next_phase_work/APEX_V1_PORTFOLIO_RC1/tests/test_optimize_pareto.py:34: pymoo dependency is not installed; exercised by Windows full acceptance</skipped></testcase><testcase classname="tests.test_optimize_pareto" name="test_run_pareto_search_returns_no_points_for_an_impossible_mission" time="0.000"><skipped type="pytest.skip" message="pymoo dependency is not installed; exercised by Windows full acceptance">/mnt/data/portfolio7/next_phase_work/APEX_V1_PORTFOLIO_RC1/tests/test_optimize_pareto.py:42: pymoo dependency is not installed; exercised by Windows full acceptance</skipped></testcase><testcase classname="tests.test_optimize_pareto" name="test_run_pareto_search_with_no_requirements_still_returns_points" time="0.000"><skipped type="pytest.skip" message="pymoo dependency is not installed; exercised by Windows full acceptance">/mnt/data/portfolio7/next_phase_work/APEX_V1_PORTFOLIO_RC1/tests/test_optimize_pareto.py:50: pymoo dependency is not installed; exercised by Windows full acceptance</skipped></testcase><testcase classname="tests.test_optimize_problem" name="test_rejects_design_space_that_does_not_match_design_candidate_fields" time="0.000"><skipped type="pytest.skip" message="pymoo dependency is not installed; exercised by Windows full acceptance">/mnt/data/portfolio7/next_phase_work/APEX_V1_PORTFOLIO_RC1/tests/test_optimize_problem.py:7: pymoo dependency is not installed; exercised by Windows full acceptance</skipped></testcase><testcase classname="tests.test_optimize_problem" name="test_rejects_empty_objectives" time="0.000"><skipped type="pytest.skip" message="pymoo dependency is not installed; exercised by Windows full acceptance">/mnt/data/portfolio7/next_phase_work/APEX_V1_PORTFOLIO_RC1/tests/test_optimize_problem.py:13: pymoo dependency is not installed; exercised by Windows full acceptance</skipped></testcase><testcase classname="tests.test_optimize_problem" name="test_problem_dimensions_match_objectives_and_requirements_counts" time="0.000"><skipped type="pytest.skip" message="pymoo dependency is not installed; exercised by Windows full acceptance">/mnt/data/portfolio7/next_phase_work/APEX_V1_PORTFOLIO_RC1/tests/test_optimize_problem.py:18: pymoo dependency is not installed; exercised by Windows full acceptance</skipped></testcase><testcase classname="tests.test_optimize_problem" name="test_problem_with_no_requirements_has_zero_constraints" time="0.000"><skipped type="pytest.skip" message="pymoo dependency is not installed; exercised by Windows full acceptance">/mnt/data/portfolio7/next_phase_work/APEX_V1_PORTFOLIO_RC1/tests/test_optimize_problem.py:26: pymoo dependency is not installed; exercised by Windows full acceptance</skipped></testcase><testcase classname="tests.test_optimize_problem" name="test_to_candidate_round_trips_a_pymoo_style_x_dict" time="0.000"><skipped type="pytest.skip" message="pymoo dependency is not installed; exercised by Windows full acceptance">/mnt/data/portfolio7/next_phase_work/APEX_V1_PORTFOLIO_RC1/tests/test_optimize_problem.py:46: pymoo dependency is not installed; exercised by Windows full acceptance</skipped></testcase><testcase classname="tests.test_optimize_problem" name="test_evaluate_populates_f_with_one_value_per_objective" time="0.000"><skipped type="pytest.skip" message="pymoo dependency is not installed; exercised by Windows full acceptance">/mnt/data/portfolio7/next_phase_work/APEX_V1_PORTFOLIO_RC1/tests/test_optimize_problem.py:53: pymoo dependency is not installed; exercised by Windows full acceptance</skipped></testcase><testcase classname="tests.test_optimize_problem" name="test_evaluate_g_sign_matches_pymoo_feasibility_convention" time="0.000"><skipped type="pytest.skip" message="pymoo dependency is not installed; exercised by Windows full acceptance">/mnt/data/portfolio7/next_phase_work/APEX_V1_PORTFOLIO_RC1/tests/test_optimize_problem.py:61: pymoo dependency is not installed; exercised by Windows full acceptance</skipped></testcase><testcase classname="tests.test_performance" name="test_more_power_is_faster_to_sixty" time="0.006" /><testcase classname="tests.test_performance" name="test_heavier_car_is_slower_to_sixty" time="0.006" /><testcase classname="tests.test_performance" name="test_zero_to_sixty_is_finite_for_a_reasonable_car" time="0.003" /><testcase classname="tests.test_performance" name="test_uphill_grade_slows_acceleration" time="0.007" /><testcase classname="tests.test_performance" name="test_top_speed_is_plausible_and_draggier_car_is_slower" time="0.000" /><testcase classname="tests.test_performance" name="test_gradeability_is_zero_or_positive_and_decreases_with_speed" time="0.000" /><testcase classname="tests.test_performance" name="test_braking_distance_increases_with_initial_speed" time="0.000" /><testcase classname="tests.test_performance" name="test_more_grip_shortens_braking_distance" time="0.000" /><testcase classname="tests.test_release_assurance" name="test_release_certificate_requires_confidence_certification_and_physical_review" time="0.000" /><testcase classname="tests.test_release_assurance" name="test_uncertified_shortlist_is_held" time="0.000" /><testcase classname="tests.test_robust" name="test_monte_carlo_evaluate_returns_requested_sample_count_and_stats" time="0.236" /><testcase classname="tests.test_robust" name="test_monte_carlo_evaluate_is_reproducible_with_a_fixed_seed" time="0.214" /><testcase classname="tests.test_robust" name="test_robust_requirement_fully_satisfied_for_a_trivially_easy_threshold" time="0.157" /><testcase classname="tests.test_robust" name="test_robust_requirement_never_satisfied_for_an_impossible_threshold" time="0.150" /><testcase classname="tests.test_robust" name="test_worst_value_matches_the_extreme_of_independently_recomputed_samples" time="0.099" /><testcase classname="tests.test_robust" name="test_robust_requirement_direction_at_least_uses_min_as_worst_value" time="0.099" /><testcase classname="tests.test_robust" name="test_robust_requirement_nominal_value_comes_from_the_nominal_scenario" time="0.043" /><testcase classname="tests.test_robust" name="test_robust_crossover_mission_has_two_requirements_no_cost" time="0.000" /><testcase classname="tests.test_robust" name="test_a_generously_sized_vehicle_passes_the_robust_crossover_mission" time="0.135" /><testcase classname="tests.test_robust" name="test_nominally_feasible_but_marginal_vehicle_can_fail_the_robust_mission" time="0.190" /><testcase classname="tests.test_robust" name="test_robust_mission_evaluate_matches_manual_requirement_evaluation" time="0.160" /><testcase classname="tests.test_robust_design_selection" name="test_selector_is_deterministic_and_uses_common_scenario_policy" time="0.622" /><testcase classname="tests.test_robust_design_selection" name="test_robust_feasibility_outranks_lower_cost" time="0.533" /><testcase classname="tests.test_robust_scenario_evaluation" name="test_payload_increases_mass_by_exactly_the_payload" time="0.000" /><testcase classname="tests.test_robust_scenario_evaluation" name="test_tire_wear_raises_rolling_resistance_and_lowers_friction" time="0.000" /><testcase classname="tests.test_robust_scenario_evaluation" name="test_nominal_scenario_does_not_derate_motor_power_for_a_generously_sized_battery" time="0.000" /><testcase classname="tests.test_robust_scenario_evaluation" name="test_cold_temperature_can_derate_motor_power_below_rated" time="0.000" /><testcase classname="tests.test_robust_scenario_evaluation" name="test_battery_soh_scales_usable_energy_proportionally" time="0.000" /><testcase classname="tests.test_robust_scenario_evaluation" name="test_battery_state_reflects_scenario_temperature_and_soh" time="0.000" /><testcase classname="tests.test_robust_scenario_evaluation" name="test_evaluate_under_scenario_returns_finite_positive_metrics" time="0.003" /><testcase classname="tests.test_robust_scenario_evaluation" name="test_uphill_grade_increases_zero_to_sixty_time" time="0.007" /><testcase classname="tests.test_robust_scenario_evaluation" name="test_payload_reduces_range" time="0.007" /><testcase classname="tests.test_robust_uncertainty" name="test_sample_stays_within_declared_ranges" time="0.005" /><testcase classname="tests.test_robust_uncertainty" name="test_sample_many_returns_requested_count" time="0.001" /><testcase classname="tests.test_robust_uncertainty" name="test_sample_is_reproducible_with_seeded_rng" time="0.000" /><testcase classname="tests.test_robust_uncertainty" name="test_samples_vary_across_draws" time="0.000" /><testcase classname="tests.test_robust_uncertainty" name="test_nominal_scenario_is_the_no_stress_operating_point" time="0.000" /><testcase classname="tests.test_service" name="test_health_returns_ok" time="0.007" /><testcase classname="tests.test_service" name="test_evaluate_returns_positive_finite_metrics" time="0.005" /><testcase classname="tests.test_service" name="test_evaluate_cost_and_mass_breakdowns_sum_to_the_totals" time="0.005" /><testcase classname="tests.test_service" name="test_evaluate_matches_direct_apex_call" time="0.006" /><testcase classname="tests.test_service" name="test_evaluate_rejects_unknown_motor_architecture" time="0.002" /><testcase classname="tests.test_service" name="test_evaluate_rejects_nonpositive_battery_capacity" time="0.002" /><testcase classname="tests.test_service" name="test_pareto_returns_points_matching_requested_mission" time="0.000"><skipped type="pytest.skip" message="pymoo dependency is not installed; exercised by Windows full acceptance">/mnt/data/portfolio7/next_phase_work/APEX_V1_PORTFOLIO_RC1/tests/test_service.py:84: pymoo dependency is not installed; exercised by Windows full acceptance</skipped></testcase><testcase classname="tests.test_service" name="test_pareto_rejects_unknown_requirement_kind" time="0.002" /><testcase classname="tests.test_service" name="test_requirement_kinds_lists_known_kinds" time="0.002" /><testcase classname="tests.test_service" name="test_robust_requirement_kinds_is_a_subset_of_nominal_kinds" time="0.004" /><testcase classname="tests.test_service" name="test_robust_check_reports_worse_or_equal_reliability_than_nominal" time="0.288" /><testcase classname="tests.test_service" name="test_robust_check_rejects_cost_as_unsupported" time="0.003" /><testcase classname="tests.test_service" name="test_benchmark_vehicles_returns_real_market_data" time="0.003" /><testcase classname="tests.test_service" name="test_design_space_metadata_matches_default_design_space" time="0.002" /><testcase classname="tests.test_service" name="test_pareto_with_impossible_mission_returns_zero_points" time="0.000"><skipped type="pytest.skip" message="pymoo dependency is not installed; exercised by Windows full acceptance">/mnt/data/portfolio7/next_phase_work/APEX_V1_PORTFOLIO_RC1/tests/test_service.py:195: pymoo dependency is not installed; exercised by Windows full acceptance</skipped></testcase><testcase classname="tests.test_service_release_certificate" name="test_release_certificate_endpoint_never_authorizes_build" time="0.416" /><testcase classname="tests.test_service_robust_select" name="test_robust_select_endpoint_returns_governed_selection" time="0.156" /><testcase classname="tests.test_stress_boundaries" name="test_every_design_space_corner_evaluates_to_finite_sane_physics[candidate0]" time="0.010" /><testcase classname="tests.test_stress_boundaries" name="test_every_design_space_corner_evaluates_to_finite_sane_physics[candidate1]" time="0.010" /><testcase classname="tests.test_stress_boundaries" name="test_every_design_space_corner_evaluates_to_finite_sane_physics[candidate2]" time="0.011" /><testcase classname="tests.test_stress_boundaries" name="test_every_design_space_corner_evaluates_to_finite_sane_physics[candidate3]" time="0.011" /><testcase classname="tests.test_stress_boundaries" name="test_every_design_space_corner_evaluates_to_finite_sane_physics[candidate4]" time="0.005" /><testcase classname="tests.test_stress_boundaries" name="test_every_design_space_corner_evaluates_to_finite_sane_physics[candidate5]" time="0.005" /><testcase classname="tests.test_stress_boundaries" name="test_every_design_space_corner_evaluates_to_finite_sane_physics[candidate6]" time="0.005" /><testcase classname="tests.test_stress_boundaries" name="test_every_design_space_corner_evaluates_to_finite_sane_physics[candidate7]" time="0.005" /><testcase classname="tests.test_stress_boundaries" name="test_every_design_space_corner_evaluates_to_finite_sane_physics[candidate8]" time="0.002" /><testcase classname="tests.test_stress_boundaries" name="test_every_design_space_corner_evaluates_to_finite_sane_physics[candidate9]" time="0.002" /><testcase classname="tests.test_stress_boundaries" name="test_every_design_space_corner_evaluates_to_finite_sane_physics[candidate10]" time="0.002" /><testcase classname="tests.test_stress_boundaries" name="test_every_design_space_corner_evaluates_to_finite_sane_physics[candidate11]" time="0.002" /><testcase classname="tests.test_stress_boundaries" name="test_every_design_space_corner_evaluates_to_finite_sane_physics[candidate12]" time="0.002" /><testcase classname="tests.test_stress_boundaries" name="test_every_design_space_corner_evaluates_to_finite_sane_physics[candidate13]" time="0.002" /><testcase classname="tests.test_stress_boundaries" name="test_every_design_space_corner_evaluates_to_finite_sane_physics[candidate14]" time="0.001" /><testcase classname="tests.test_stress_boundaries" name="test_every_design_space_corner_evaluates_to_finite_sane_physics[candidate15]" time="0.002" /><testcase classname="tests.test_stress_boundaries" name="test_every_design_space_corner_evaluates_to_finite_sane_physics[candidate16]" time="0.019" /><testcase classname="tests.test_stress_boundaries" name="test_every_design_space_corner_evaluates_to_finite_sane_physics[candidate17]" time="0.021" /><testcase classname="tests.test_stress_boundaries" name="test_every_design_space_corner_evaluates_to_finite_sane_physics[candidate18]" time="0.021" /><testcase classname="tests.test_stress_boundaries" name="test_every_design_space_corner_evaluates_to_finite_sane_physics[candidate19]" time="0.023" /><testcase classname="tests.test_stress_boundaries" name="test_every_design_space_corner_evaluates_to_finite_sane_physics[candidate20]" time="0.009" /><testcase classname="tests.test_stress_boundaries" name="test_every_design_space_corner_evaluates_to_finite_sane_physics[candidate21]" time="0.008" /><testcase classname="tests.test_stress_boundaries" name="test_every_design_space_corner_evaluates_to_finite_sane_physics[candidate22]" time="0.008" /><testcase classname="tests.test_stress_boundaries" name="test_every_design_space_corner_evaluates_to_finite_sane_physics[candidate23]" time="0.009" /><testcase classname="tests.test_stress_boundaries" name="test_every_design_space_corner_evaluates_to_finite_sane_physics[candidate24]" time="0.002" /><testcase classname="tests.test_stress_boundaries" name="test_every_design_space_corner_evaluates_to_finite_sane_physics[candidate25]" time="0.002" /><testcase classname="tests.test_stress_boundaries" name="test_every_design_space_corner_evaluates_to_finite_sane_physics[candidate26]" time="0.002" /><testcase classname="tests.test_stress_boundaries" name="test_every_design_space_corner_evaluates_to_finite_sane_physics[candidate27]" time="0.003" /><testcase classname="tests.test_stress_boundaries" name="test_every_design_space_corner_evaluates_to_finite_sane_physics[candidate28]" time="0.002" /><testcase classname="tests.test_stress_boundaries" name="test_every_design_space_corner_evaluates_to_finite_sane_physics[candidate29]" time="0.002" /><testcase classname="tests.test_stress_boundaries" name="test_every_design_space_corner_evaluates_to_finite_sane_physics[candidate30]" time="0.002" /><testcase classname="tests.test_stress_boundaries" name="test_every_design_space_corner_evaluates_to_finite_sane_physics[candidate31]" time="0.002" /><testcase classname="tests.test_stress_boundaries" name="test_corner_generator_exercises_many_distinct_discrete_combinations" time="0.000" /><testcase classname="tests.test_surrogate_dataset" name="test_generate_dataset_shapes_match_requested_size" time="0.110" /><testcase classname="tests.test_surrogate_dataset" name="test_generate_dataset_is_reproducible_with_a_fixed_seed" time="0.107" /><testcase classname="tests.test_surrogate_dataset" name="test_continuous_samples_cover_the_declared_ranges_well" time="0.177" /><testcase classname="tests.test_surrogate_dataset" name="test_discrete_combinations_are_evenly_covered_not_left_to_chance" time="0.614" /><testcase classname="tests.test_surrogate_dataset" name="test_targets_match_a_direct_physics_evaluation_for_a_spot_checked_sample" time="0.040" /><testcase classname="tests.test_surrogate_dataset" name="test_save_csv_round_trips_header_and_row_count" time="0.026" /><testcase classname="tests.test_surrogate_evaluate" name="test_train_and_compare_returns_one_comparison_per_target" time="0.982" /><testcase classname="tests.test_surrogate_evaluate" name="test_train_and_compare_metrics_are_finite_and_models_are_usable" time="0.979" /><testcase classname="tests.test_surrogate_evaluate" name="test_train_and_compare_mass_target_fits_well_given_its_near_linear_structure" time="1.637" /><testcase classname="tests.test_surrogate_features" name="test_feature_names_length_matches_encoding_length" time="0.000" /><testcase classname="tests.test_surrogate_features" name="test_continuous_values_pass_through_unchanged" time="0.000" /><testcase classname="tests.test_surrogate_features" name="test_num_motors_is_encoded_as_a_plain_number_not_one_hot" time="0.000" /><testcase classname="tests.test_surrogate_features" name="test_categorical_discrete_is_one_hot_with_exactly_one_active" time="0.000" /><testcase classname="tests.test_surrogate_features" name="test_encode_candidates_stacks_rows_in_order" time="0.000" /><testcase classname="tests.test_surrogate_models" name="test_predict_returns_mean_and_std_of_matching_shape[GPSurrogate]" time="0.057" /><testcase classname="tests.test_surrogate_models" name="test_predict_returns_mean_and_std_of_matching_shape[RandomForestSurrogate]" time="0.124" /><testcase classname="tests.test_surrogate_models" name="test_fits_a_simple_linear_function_accurately[GPSurrogate]" time="0.247" /><testcase classname="tests.test_surrogate_models" name="test_fits_a_simple_linear_function_accurately[RandomForestSurrogate]" time="0.158" /><testcase classname="tests.test_surrogate_models" name="test_gp_predictive_std_is_higher_far_from_training_data" time="0.088" /><testcase classname="tests.test_surrogate_models" name="test_random_forest_std_is_zero_when_all_trees_agree_on_a_constant" time="0.006" /><testcase classname="tests.test_validation" name="test_zero_to_sixty_is_in_the_right_ballpark[Tesla Model 3 Long Range AWD (2021)]" time="0.002" /><testcase classname="tests.test_validation" name="test_zero_to_sixty_is_in_the_right_ballpark[Chevrolet Bolt EV (2020)]" time="0.003" /><testcase classname="tests.test_validation" name="test_zero_to_sixty_is_in_the_right_ballpark[Nissan Leaf 40 kWh (2018)]" time="0.003" /><testcase classname="tests.test_validation" name="test_top_speed_is_in_the_right_ballpark[Tesla Model 3 Long Range AWD (2021)]" time="0.001" /><testcase classname="tests.test_validation" name="test_top_speed_is_in_the_right_ballpark[Chevrolet Bolt EV (2020)]" time="0.000" /><testcase classname="tests.test_validation" name="test_top_speed_is_in_the_right_ballpark[Nissan Leaf 40 kWh (2018)]" time="0.000" /><testcase classname="tests.test_validation" name="test_highway_range_is_a_plausible_fraction_of_epa_rating[Tesla Model 3 Long Range AWD (2021)]" time="0.000" /><testcase classname="tests.test_validation" name="test_highway_range_is_a_plausible_fraction_of_epa_rating[Chevrolet Bolt EV (2020)]" time="0.000" /><testcase classname="tests.test_validation" name="test_highway_range_is_a_plausible_fraction_of_epa_rating[Nissan Leaf 40 kWh (2018)]" time="0.000" /><testcase classname="tests.test_validation" name="test_detailed_battery_sim_highway_range_is_also_in_the_right_ballpark[Tesla Model 3 Long Range AWD (2021)]" time="0.067" /><testcase classname="tests.test_validation" name="test_detailed_battery_sim_highway_range_is_also_in_the_right_ballpark[Chevrolet Bolt EV (2020)]" time="0.052" /><testcase classname="tests.test_validation" name="test_detailed_battery_sim_highway_range_is_also_in_the_right_ballpark[Nissan Leaf 40 kWh (2018)]" time="0.052" /></testsuite></testsuites>